<?xml version="1.0" encoding="UTF-8"?>
<!-- Generated by org.testng.reporters.JUnitXMLReporter -->
<testsuite ignored="1" hostname="IT-DEV-22" failures="0" tests="1" name="Default test" time="48.157" errors="0" timestamp="2024-05-12T15:15:01 AST">
  <testcase classname="bankAlEtihadECC.tests.OutwardChequesTest" name="outwardChequesTest" time="41.657"/>
  <testcase classname="bankAlEtihadECC.tests.OutwardChequesTest" name="repairCheques" time="0.0">
    <ignored/>
  </testcase> <!-- repairCheques -->
</testsuite> <!-- Default test -->
