<?xml version="1.0" encoding="UTF-8"?>
<!-- Generated by org.testng.reporters.JUnitXMLReporter -->
<testsuite ignored="1" hostname="IT-QA-EMP-02" failures="0" tests="4" name="Test" time="191.617" errors="0" timestamp="2024-05-14T12:06:50 EET">
  <testcase classname="bankAlEtihadECC.tests.OutwardChequesTest" name="outwardChequesTest" time="41.029"/>
  <testcase classname="bankAlEtihadECC.tests.OutwardChequesTest" name="outwardChequesTest" time="46.12"/>
  <testcase classname="bankAlEtihadECC.tests.OutwardChequesTest" name="outwardChequesTest" time="39.327"/>
  <testcase classname="bankAlEtihadECC.tests.OutwardChequesTest" name="outwardChequesTest" time="40.941"/>
  <testcase classname="bankAlEtihadECC.tests.OutwardChequesTest" name="repairCheques" time="0.0">
    <ignored/>
  </testcase> <!-- repairCheques -->
</testsuite> <!-- Test -->
