<?xml version="1.0" encoding="UTF-8"?>
<!-- Generated by org.testng.reporters.JUnitXMLReporter -->
<testsuite ignored="0" hostname="IT-DEV-22" failures="0" tests="4" name="Test" time="158.027" errors="0" timestamp="2024-06-04T09:40:28 AST">
  <testcase classname="bankAlEtihadECC.tests.OutwardChequesTest" name="outwardChequesTest" time="31.504"/>
  <testcase classname="bankAlEtihadECC.tests.OutwardChequesTest" name="outwardChequesTest" time="29.462"/>
  <testcase classname="bankAlEtihadECC.tests.OutwardChequesTest" name="outwardChequesTest" time="28.956"/>
  <testcase classname="bankAlEtihadECC.tests.OutwardChequesTest" name="outwardChequesTest" time="32.3"/>
</testsuite> <!-- Test -->
