<?xml version="1.0" encoding="UTF-8"?>
<testng-results ignored="1" total="3" passed="2" failed="0" skipped="0">
  <reporter-output>
  </reporter-output>
  <suite started-at="2024-05-19T13:49:16 AST" name="Default suite" finished-at="2024-05-19T13:50:50 AST" duration-ms="93654">
    <groups>
    </groups>
    <test started-at="2024-05-19T13:49:16 AST" name="Default test" finished-at="2024-05-19T13:50:50 AST" duration-ms="93654">
      <class name="bankAlEtihadECC.tests.OutwardChequesTest">
        <test-method is-config="true" signature="launchApplication()[pri:0, instance:bankAlEtihadECC.tests.OutwardChequesTest@2f9f7dcf]" started-at="2024-05-19T13:49:17 AST" name="launchApplication" finished-at="2024-05-19T13:49:22 AST" duration-ms="5576" status="PASS">
          <reporter-output>
          </reporter-output>
        </test-method> <!-- launchApplication -->
        <test-method signature="outwardChequesTest(java.util.HashMap)[pri:0, instance:bankAlEtihadECC.tests.OutwardChequesTest@2f9f7dcf]" started-at="2024-05-19T13:49:22 AST" name="outwardChequesTest" data-provider="getOutwordData" finished-at="2024-05-19T13:50:01 AST" duration-ms="38558" status="PASS">
          <params>
            <param index="0">
              <value>
                <![CDATA[{Pay Account=6666616236656611, Account Number=0010130830415101, Pay Bank=22, UserName=SD2023, RunStat=Y, Cheque Number1=190504, Cheque Number2=190506, URL=https://ecc-uat2.bankaletihad.com/UNION, Pay Bank2=22, Pay Branch2=2010, Pay Branch=2010, Amount1=100, Amount2=80, TestCases=null, Pay Account2=7777777777777777, Module=Outword Cheques, Repair=N, Password=Test@111}]]>
              </value>
            </param>
          </params>
          <reporter-output>
          </reporter-output>
        </test-method> <!-- outwardChequesTest -->
        <test-method is-config="true" signature="tearDown()[pri:0, instance:bankAlEtihadECC.tests.OutwardChequesTest@2f9f7dcf]" started-at="2024-05-19T13:50:01 AST" name="tearDown" finished-at="2024-05-19T13:50:04 AST" duration-ms="3166" status="PASS">
          <reporter-output>
          </reporter-output>
        </test-method> <!-- tearDown -->
        <test-method is-config="true" signature="launchApplication()[pri:0, instance:bankAlEtihadECC.tests.OutwardChequesTest@2f9f7dcf]" started-at="2024-05-19T13:50:04 AST" name="launchApplication" finished-at="2024-05-19T13:50:09 AST" duration-ms="4811" status="PASS">
          <reporter-output>
          </reporter-output>
        </test-method> <!-- launchApplication -->
        <test-method signature="outwardChequesTest(java.util.HashMap)[pri:0, instance:bankAlEtihadECC.tests.OutwardChequesTest@2f9f7dcf]" started-at="2024-05-19T13:50:09 AST" name="outwardChequesTest" data-provider="getOutwordData" finished-at="2024-05-19T13:50:47 AST" duration-ms="37776" status="PASS">
          <params>
            <param index="0">
              <value>
                <![CDATA[{Pay Account=null, Account Number=0010130830415101, Pay Bank=null, UserName=SD2023, RunStat=Y, Cheque Number1=190507, Cheque Number2=190508, URL=https://ecc-uat2.bankaletihad.com/UNION, Pay Bank2=null, Pay Branch2=null, Pay Branch=null, Amount1=101, Amount2=81, TestCases=null, Pay Account2=null, Module=Outword Cheques, Repair=N, Password=Test@111}]]>
              </value>
            </param>
          </params>
          <reporter-output>
          </reporter-output>
        </test-method> <!-- outwardChequesTest -->
        <test-method is-config="true" signature="tearDown()[pri:0, instance:bankAlEtihadECC.tests.OutwardChequesTest@2f9f7dcf]" started-at="2024-05-19T13:50:47 AST" name="tearDown" finished-at="2024-05-19T13:50:50 AST" duration-ms="3187" status="PASS">
          <reporter-output>
          </reporter-output>
        </test-method> <!-- tearDown -->
      </class> <!-- bankAlEtihadECC.tests.OutwardChequesTest -->
    </test> <!-- Default test -->
  </suite> <!-- Default suite -->
</testng-results>
