<?xml version="1.0" encoding="UTF-8"?>
<testng-results ignored="0" total="1" passed="1" failed="0" skipped="0">
  <reporter-output>
  </reporter-output>
  <suite started-at="2024-05-31T20:17:52 EET" name="Suite" finished-at="2024-05-31T20:18:34 EET" duration-ms="41937">
    <groups>
    </groups>
    <test started-at="2024-05-31T20:17:52 EET" name="Test" finished-at="2024-05-31T20:18:34 EET" duration-ms="41937">
      <class name="bankAlEtihadECC.tests.OutwardChequesTest">
        <test-method is-config="true" signature="launchApplication()[pri:0, instance:bankAlEtihadECC.tests.OutwardChequesTest@6436a7db]" started-at="2024-05-31T20:17:53 EET" name="launchApplication" finished-at="2024-05-31T20:17:58 EET" duration-ms="4749" status="PASS">
          <reporter-output>
          </reporter-output>
        </test-method> <!-- launchApplication -->
        <test-method signature="outwardChequesTest(java.util.HashMap)[pri:0, instance:bankAlEtihadECC.tests.OutwardChequesTest@6436a7db]" started-at="2024-05-31T20:17:58 EET" name="outwardChequesTest" data-provider="getOutwordData" finished-at="2024-05-31T20:18:31 EET" duration-ms="33088" status="PASS">
          <params>
            <param index="0">
              <value>
                <![CDATA[{Account Number=0010130830415101, UserName=SD2023, RunStat=Y, Cheque Number1=220577, Cheque Number2=220578, URL=https://ecc-uat2.bankaletihad.com/UNION, Amount1=100, Test Case=repair, Amount2=101, Pay Account2=1111111111111111, Pay Account1=1111111111111111, Module=Outword Cheques, Repair=N, Password=Test@111}]]>
              </value>
            </param>
          </params>
          <reporter-output>
          </reporter-output>
        </test-method> <!-- outwardChequesTest -->
        <test-method is-config="true" signature="tearDown()[pri:0, instance:bankAlEtihadECC.tests.OutwardChequesTest@6436a7db]" started-at="2024-05-31T20:18:31 EET" name="tearDown" finished-at="2024-05-31T20:18:34 EET" duration-ms="3176" status="PASS">
          <reporter-output>
          </reporter-output>
        </test-method> <!-- tearDown -->
      </class> <!-- bankAlEtihadECC.tests.OutwardChequesTest -->
    </test> <!-- Test -->
  </suite> <!-- Suite -->
</testng-results>
